2022-12-02 10:02:03,198 [INFO] com.travel.service.FlightBookingServiceImplTest [main] Starting FlightBookingServiceImplTest using Java 17.0.4.1 on inlen8520081483 with PID 20968 (started by jannaj in C:\Users\jannaj\Documents\Online Travel Booking System\OnlineTravel_Sprint1)
2022-12-02 10:02:03,211 [INFO] com.travel.service.FlightBookingServiceImplTest [main] No active profile set, falling back to 1 default profile: "default"
2022-12-02 10:02:04,085 [INFO] org.springframework.data.repository.config.RepositoryConfigurationDelegate [main] Bootstrapping Spring Data JPA repositories in DEFAULT mode.
2022-12-02 10:02:04,161 [INFO] org.springframework.data.repository.config.RepositoryConfigurationDelegate [main] Finished Spring Data repository scanning in 61 ms. Found 1 JPA repository interfaces.
2022-12-02 10:02:05,049 [INFO] org.hibernate.jpa.internal.util.LogHelper [main] HHH000204: Processing PersistenceUnitInfo [name: default]
2022-12-02 10:02:05,151 [INFO] org.hibernate.Version [main] HHH000412: Hibernate ORM core version 5.6.12.Final
2022-12-02 10:02:05,396 [INFO] org.hibernate.annotations.common.Version [main] HCANN000001: Hibernate Commons Annotations {5.1.2.Final}
2022-12-02 10:02:05,621 [INFO] com.zaxxer.hikari.HikariDataSource [main] HikariPool-1 - Starting...
2022-12-02 10:02:05,887 [INFO] com.zaxxer.hikari.HikariDataSource [main] HikariPool-1 - Start completed.
2022-12-02 10:02:05,910 [INFO] org.hibernate.dialect.Dialect [main] HHH000400: Using dialect: org.hibernate.dialect.PostgreSQLDialect
2022-12-02 10:02:06,978 [INFO] org.hibernate.engine.transaction.jta.platform.internal.JtaPlatformInitiator [main] HHH000490: Using JtaPlatform implementation: [org.hibernate.engine.transaction.jta.platform.internal.NoJtaPlatform]
2022-12-02 10:02:06,991 [INFO] org.springframework.orm.jpa.LocalContainerEntityManagerFactoryBean [main] Initialized JPA EntityManagerFactory for persistence unit 'default'
2022-12-02 10:02:08,490 [WARN] org.springframework.boot.autoconfigure.orm.jpa.JpaBaseConfiguration$JpaWebConfiguration [main] spring.jpa.open-in-view is enabled by default. Therefore, database queries may be performed during view rendering. Explicitly configure spring.jpa.open-in-view to disable this warning
2022-12-02 10:02:09,828 [INFO] com.travel.service.FlightBookingServiceImplTest [main] Started FlightBookingServiceImplTest in 7.008 seconds (JVM running for 8.725)
2022-12-02 10:02:10,489 [INFO] org.springframework.orm.jpa.LocalContainerEntityManagerFactoryBean [SpringApplicationShutdownHook] Closing JPA EntityManagerFactory for persistence unit 'default'
2022-12-02 10:02:10,494 [INFO] com.zaxxer.hikari.HikariDataSource [SpringApplicationShutdownHook] HikariPool-1 - Shutdown initiated...
2022-12-02 10:02:10,514 [INFO] com.zaxxer.hikari.HikariDataSource [SpringApplicationShutdownHook] HikariPool-1 - Shutdown completed.
2022-12-02 10:02:51,708 [INFO] com.travel.service.FlightBookingServiceImplTest [main] Starting FlightBookingServiceImplTest using Java 17.0.4.1 on inlen8520081483 with PID 12844 (started by jannaj in C:\Users\jannaj\Documents\Online Travel Booking System\OnlineTravel_Sprint1)
2022-12-02 10:02:51,709 [INFO] com.travel.service.FlightBookingServiceImplTest [main] No active profile set, falling back to 1 default profile: "default"
2022-12-02 10:02:52,556 [INFO] org.springframework.data.repository.config.RepositoryConfigurationDelegate [main] Bootstrapping Spring Data JPA repositories in DEFAULT mode.
2022-12-02 10:02:52,639 [INFO] org.springframework.data.repository.config.RepositoryConfigurationDelegate [main] Finished Spring Data repository scanning in 68 ms. Found 1 JPA repository interfaces.
2022-12-02 10:02:53,377 [INFO] org.hibernate.jpa.internal.util.LogHelper [main] HHH000204: Processing PersistenceUnitInfo [name: default]
2022-12-02 10:02:53,462 [INFO] org.hibernate.Version [main] HHH000412: Hibernate ORM core version 5.6.12.Final
2022-12-02 10:02:53,664 [INFO] org.hibernate.annotations.common.Version [main] HCANN000001: Hibernate Commons Annotations {5.1.2.Final}
2022-12-02 10:02:53,861 [INFO] com.zaxxer.hikari.HikariDataSource [main] HikariPool-1 - Starting...
2022-12-02 10:02:54,119 [INFO] com.zaxxer.hikari.HikariDataSource [main] HikariPool-1 - Start completed.
2022-12-02 10:02:54,137 [INFO] org.hibernate.dialect.Dialect [main] HHH000400: Using dialect: org.hibernate.dialect.PostgreSQLDialect
2022-12-02 10:02:54,863 [INFO] org.hibernate.engine.transaction.jta.platform.internal.JtaPlatformInitiator [main] HHH000490: Using JtaPlatform implementation: [org.hibernate.engine.transaction.jta.platform.internal.NoJtaPlatform]
2022-12-02 10:02:54,871 [INFO] org.springframework.orm.jpa.LocalContainerEntityManagerFactoryBean [main] Initialized JPA EntityManagerFactory for persistence unit 'default'
2022-12-02 10:02:56,206 [WARN] org.springframework.boot.autoconfigure.orm.jpa.JpaBaseConfiguration$JpaWebConfiguration [main] spring.jpa.open-in-view is enabled by default. Therefore, database queries may be performed during view rendering. Explicitly configure spring.jpa.open-in-view to disable this warning
2022-12-02 10:02:57,379 [INFO] com.travel.service.FlightBookingServiceImplTest [main] Started FlightBookingServiceImplTest in 6.094 seconds (JVM running for 7.495)
2022-12-02 10:02:57,961 [INFO] org.springframework.orm.jpa.LocalContainerEntityManagerFactoryBean [SpringApplicationShutdownHook] Closing JPA EntityManagerFactory for persistence unit 'default'
2022-12-02 10:02:57,965 [INFO] com.zaxxer.hikari.HikariDataSource [SpringApplicationShutdownHook] HikariPool-1 - Shutdown initiated...
2022-12-02 10:02:57,991 [INFO] com.zaxxer.hikari.HikariDataSource [SpringApplicationShutdownHook] HikariPool-1 - Shutdown completed.
2022-12-02 10:03:24,282 [INFO] com.travel.service.FlightBookingServiceImplTest [main] Starting FlightBookingServiceImplTest using Java 17.0.4.1 on inlen8520081483 with PID 15068 (started by jannaj in C:\Users\jannaj\Documents\Online Travel Booking System\OnlineTravel_Sprint1)
2022-12-02 10:03:24,284 [INFO] com.travel.service.FlightBookingServiceImplTest [main] No active profile set, falling back to 1 default profile: "default"
2022-12-02 10:03:25,261 [INFO] org.springframework.data.repository.config.RepositoryConfigurationDelegate [main] Bootstrapping Spring Data JPA repositories in DEFAULT mode.
2022-12-02 10:03:25,346 [INFO] org.springframework.data.repository.config.RepositoryConfigurationDelegate [main] Finished Spring Data repository scanning in 68 ms. Found 1 JPA repository interfaces.
2022-12-02 10:03:26,117 [INFO] org.hibernate.jpa.internal.util.LogHelper [main] HHH000204: Processing PersistenceUnitInfo [name: default]
2022-12-02 10:03:26,180 [INFO] org.hibernate.Version [main] HHH000412: Hibernate ORM core version 5.6.12.Final
2022-12-02 10:03:26,411 [INFO] org.hibernate.annotations.common.Version [main] HCANN000001: Hibernate Commons Annotations {5.1.2.Final}
2022-12-02 10:03:26,612 [INFO] com.zaxxer.hikari.HikariDataSource [main] HikariPool-1 - Starting...
2022-12-02 10:03:26,888 [INFO] com.zaxxer.hikari.HikariDataSource [main] HikariPool-1 - Start completed.
2022-12-02 10:03:26,910 [INFO] org.hibernate.dialect.Dialect [main] HHH000400: Using dialect: org.hibernate.dialect.PostgreSQLDialect
2022-12-02 10:03:27,845 [INFO] org.hibernate.engine.transaction.jta.platform.internal.JtaPlatformInitiator [main] HHH000490: Using JtaPlatform implementation: [org.hibernate.engine.transaction.jta.platform.internal.NoJtaPlatform]
2022-12-02 10:03:27,861 [INFO] org.springframework.orm.jpa.LocalContainerEntityManagerFactoryBean [main] Initialized JPA EntityManagerFactory for persistence unit 'default'
2022-12-02 10:03:29,323 [WARN] org.springframework.boot.autoconfigure.orm.jpa.JpaBaseConfiguration$JpaWebConfiguration [main] spring.jpa.open-in-view is enabled by default. Therefore, database queries may be performed during view rendering. Explicitly configure spring.jpa.open-in-view to disable this warning
2022-12-02 10:03:30,483 [INFO] com.travel.service.FlightBookingServiceImplTest [main] Started FlightBookingServiceImplTest in 6.586 seconds (JVM running for 7.839)
2022-12-02 10:03:31,058 [INFO] org.springframework.orm.jpa.LocalContainerEntityManagerFactoryBean [SpringApplicationShutdownHook] Closing JPA EntityManagerFactory for persistence unit 'default'
2022-12-02 10:03:31,061 [INFO] com.zaxxer.hikari.HikariDataSource [SpringApplicationShutdownHook] HikariPool-1 - Shutdown initiated...
2022-12-02 10:03:31,080 [INFO] com.zaxxer.hikari.HikariDataSource [SpringApplicationShutdownHook] HikariPool-1 - Shutdown completed.
2022-12-02 10:25:08,477 [INFO] com.travel.service.FlightBookingServiceImplTest [main] Starting FlightBookingServiceImplTest using Java 17.0.4.1 on inlen8520081483 with PID 17040 (started by jannaj in C:\Users\jannaj\Documents\Online Travel Booking System\OnlineTravel_Sprint1)
2022-12-02 10:25:08,479 [INFO] com.travel.service.FlightBookingServiceImplTest [main] No active profile set, falling back to 1 default profile: "default"
2022-12-02 10:25:09,482 [INFO] org.springframework.data.repository.config.RepositoryConfigurationDelegate [main] Bootstrapping Spring Data JPA repositories in DEFAULT mode.
2022-12-02 10:25:09,581 [INFO] org.springframework.data.repository.config.RepositoryConfigurationDelegate [main] Finished Spring Data repository scanning in 84 ms. Found 1 JPA repository interfaces.
2022-12-02 10:25:10,452 [INFO] org.hibernate.jpa.internal.util.LogHelper [main] HHH000204: Processing PersistenceUnitInfo [name: default]
2022-12-02 10:25:10,537 [INFO] org.hibernate.Version [main] HHH000412: Hibernate ORM core version 5.6.12.Final
2022-12-02 10:25:10,829 [INFO] org.hibernate.annotations.common.Version [main] HCANN000001: Hibernate Commons Annotations {5.1.2.Final}
2022-12-02 10:25:11,086 [INFO] com.zaxxer.hikari.HikariDataSource [main] HikariPool-1 - Starting...
2022-12-02 10:25:11,461 [INFO] com.zaxxer.hikari.HikariDataSource [main] HikariPool-1 - Start completed.
2022-12-02 10:25:11,493 [INFO] org.hibernate.dialect.Dialect [main] HHH000400: Using dialect: org.hibernate.dialect.PostgreSQLDialect
2022-12-02 10:25:13,213 [INFO] org.hibernate.engine.transaction.jta.platform.internal.JtaPlatformInitiator [main] HHH000490: Using JtaPlatform implementation: [org.hibernate.engine.transaction.jta.platform.internal.NoJtaPlatform]
2022-12-02 10:25:13,224 [INFO] org.springframework.orm.jpa.LocalContainerEntityManagerFactoryBean [main] Initialized JPA EntityManagerFactory for persistence unit 'default'
2022-12-02 10:25:15,392 [WARN] org.springframework.boot.autoconfigure.orm.jpa.JpaBaseConfiguration$JpaWebConfiguration [main] spring.jpa.open-in-view is enabled by default. Therefore, database queries may be performed during view rendering. Explicitly configure spring.jpa.open-in-view to disable this warning
2022-12-02 10:25:16,160 [INFO] com.travel.service.FlightBookingServiceImplTest [main] Starting FlightBookingServiceImplTest using Java 17.0.4.1 on inlen8520081483 with PID 3200 (started by jannaj in C:\Users\jannaj\Documents\Online Travel Booking System\OnlineTravel_Sprint1)
2022-12-02 10:25:16,161 [INFO] com.travel.service.FlightBookingServiceImplTest [main] No active profile set, falling back to 1 default profile: "default"
2022-12-02 10:25:18,241 [INFO] org.springframework.data.repository.config.RepositoryConfigurationDelegate [main] Bootstrapping Spring Data JPA repositories in DEFAULT mode.
2022-12-02 10:25:18,265 [INFO] com.travel.service.FlightBookingServiceImplTest [main] Started FlightBookingServiceImplTest in 10.34 seconds (JVM running for 12.955)
2022-12-02 10:25:18,497 [INFO] org.springframework.data.repository.config.RepositoryConfigurationDelegate [main] Finished Spring Data repository scanning in 225 ms. Found 1 JPA repository interfaces.
2022-12-02 10:25:19,556 [INFO] org.springframework.orm.jpa.LocalContainerEntityManagerFactoryBean [SpringApplicationShutdownHook] Closing JPA EntityManagerFactory for persistence unit 'default'
2022-12-02 10:25:19,560 [INFO] com.zaxxer.hikari.HikariDataSource [SpringApplicationShutdownHook] HikariPool-1 - Shutdown initiated...
2022-12-02 10:25:19,579 [INFO] com.zaxxer.hikari.HikariDataSource [SpringApplicationShutdownHook] HikariPool-1 - Shutdown completed.
2022-12-02 10:25:19,945 [INFO] org.hibernate.jpa.internal.util.LogHelper [main] HHH000204: Processing PersistenceUnitInfo [name: default]
2022-12-02 10:25:20,052 [INFO] org.hibernate.Version [main] HHH000412: Hibernate ORM core version 5.6.12.Final
2022-12-02 10:25:20,445 [INFO] org.hibernate.annotations.common.Version [main] HCANN000001: Hibernate Commons Annotations {5.1.2.Final}
2022-12-02 10:25:20,722 [INFO] com.zaxxer.hikari.HikariDataSource [main] HikariPool-1 - Starting...
2022-12-02 10:25:21,092 [INFO] com.zaxxer.hikari.HikariDataSource [main] HikariPool-1 - Start completed.
2022-12-02 10:25:21,116 [INFO] org.hibernate.dialect.Dialect [main] HHH000400: Using dialect: org.hibernate.dialect.PostgreSQLDialect
2022-12-02 10:25:21,982 [INFO] org.hibernate.engine.transaction.jta.platform.internal.JtaPlatformInitiator [main] HHH000490: Using JtaPlatform implementation: [org.hibernate.engine.transaction.jta.platform.internal.NoJtaPlatform]
2022-12-02 10:25:21,992 [INFO] org.springframework.orm.jpa.LocalContainerEntityManagerFactoryBean [main] Initialized JPA EntityManagerFactory for persistence unit 'default'
2022-12-02 10:25:23,055 [WARN] org.springframework.boot.autoconfigure.orm.jpa.JpaBaseConfiguration$JpaWebConfiguration [main] spring.jpa.open-in-view is enabled by default. Therefore, database queries may be performed during view rendering. Explicitly configure spring.jpa.open-in-view to disable this warning
2022-12-02 10:25:23,917 [INFO] com.travel.service.FlightBookingServiceImplTest [main] Started FlightBookingServiceImplTest in 9.012 seconds (JVM running for 11.422)
2022-12-02 10:25:24,472 [INFO] org.springframework.orm.jpa.LocalContainerEntityManagerFactoryBean [SpringApplicationShutdownHook] Closing JPA EntityManagerFactory for persistence unit 'default'
2022-12-02 10:25:24,472 [INFO] com.zaxxer.hikari.HikariDataSource [SpringApplicationShutdownHook] HikariPool-1 - Shutdown initiated...
2022-12-02 10:25:24,489 [INFO] com.zaxxer.hikari.HikariDataSource [SpringApplicationShutdownHook] HikariPool-1 - Shutdown completed.
2022-12-02 10:25:42,261 [INFO] com.travel.OnlineTravelSprint1Application [restartedMain] Starting OnlineTravelSprint1Application using Java 17.0.4.1 on inlen8520081483 with PID 6672 (C:\Users\jannaj\Documents\Online Travel Booking System\OnlineTravel_Sprint1\bin\main started by jannaj in C:\Users\jannaj\Documents\Online Travel Booking System\OnlineTravel_Sprint1)
2022-12-02 10:25:42,262 [INFO] com.travel.OnlineTravelSprint1Application [restartedMain] No active profile set, falling back to 1 default profile: "default"
2022-12-02 10:25:42,320 [INFO] org.springframework.boot.devtools.env.DevToolsPropertyDefaultsPostProcessor [restartedMain] Devtools property defaults active! Set 'spring.devtools.add-properties' to 'false' to disable
2022-12-02 10:25:42,321 [INFO] org.springframework.boot.devtools.env.DevToolsPropertyDefaultsPostProcessor [restartedMain] For additional web related logging consider setting the 'logging.level.web' property to 'DEBUG'
2022-12-02 10:25:43,076 [INFO] org.springframework.data.repository.config.RepositoryConfigurationDelegate [restartedMain] Bootstrapping Spring Data JPA repositories in DEFAULT mode.
2022-12-02 10:25:43,142 [INFO] org.springframework.data.repository.config.RepositoryConfigurationDelegate [restartedMain] Finished Spring Data repository scanning in 56 ms. Found 1 JPA repository interfaces.
2022-12-02 10:25:44,032 [INFO] org.springframework.boot.web.embedded.tomcat.TomcatWebServer [restartedMain] Tomcat initialized with port(s): 8023 (http)
2022-12-02 10:25:44,049 [INFO] org.apache.catalina.core.StandardService [restartedMain] Starting service [Tomcat]
2022-12-02 10:25:44,049 [INFO] org.apache.catalina.core.StandardEngine [restartedMain] Starting Servlet engine: [Apache Tomcat/9.0.68]
2022-12-02 10:25:44,153 [INFO] org.apache.catalina.core.ContainerBase.[Tomcat].[localhost].[/] [restartedMain] Initializing Spring embedded WebApplicationContext
2022-12-02 10:25:44,154 [INFO] org.springframework.boot.web.servlet.context.ServletWebServerApplicationContext [restartedMain] Root WebApplicationContext: initialization completed in 1832 ms
2022-12-02 10:25:44,364 [INFO] org.hibernate.jpa.internal.util.LogHelper [restartedMain] HHH000204: Processing PersistenceUnitInfo [name: default]
2022-12-02 10:25:44,431 [INFO] org.hibernate.Version [restartedMain] HHH000412: Hibernate ORM core version 5.6.12.Final
2022-12-02 10:25:44,615 [INFO] org.hibernate.annotations.common.Version [restartedMain] HCANN000001: Hibernate Commons Annotations {5.1.2.Final}
2022-12-02 10:25:44,739 [INFO] com.zaxxer.hikari.HikariDataSource [restartedMain] HikariPool-1 - Starting...
2022-12-02 10:25:45,050 [INFO] com.zaxxer.hikari.HikariDataSource [restartedMain] HikariPool-1 - Start completed.
2022-12-02 10:25:45,068 [INFO] org.hibernate.dialect.Dialect [restartedMain] HHH000400: Using dialect: org.hibernate.dialect.PostgreSQLDialect
2022-12-02 10:25:45,767 [INFO] org.hibernate.engine.transaction.jta.platform.internal.JtaPlatformInitiator [restartedMain] HHH000490: Using JtaPlatform implementation: [org.hibernate.engine.transaction.jta.platform.internal.NoJtaPlatform]
2022-12-02 10:25:45,776 [INFO] org.springframework.orm.jpa.LocalContainerEntityManagerFactoryBean [restartedMain] Initialized JPA EntityManagerFactory for persistence unit 'default'
2022-12-02 10:25:46,466 [WARN] org.springframework.boot.autoconfigure.orm.jpa.JpaBaseConfiguration$JpaWebConfiguration [restartedMain] spring.jpa.open-in-view is enabled by default. Therefore, database queries may be performed during view rendering. Explicitly configure spring.jpa.open-in-view to disable this warning
2022-12-02 10:25:46,845 [INFO] org.springframework.boot.devtools.autoconfigure.OptionalLiveReloadServer [restartedMain] LiveReload server is running on port 35729
2022-12-02 10:25:46,898 [INFO] org.springframework.boot.web.embedded.tomcat.TomcatWebServer [restartedMain] Tomcat started on port(s): 8023 (http) with context path ''
2022-12-02 10:25:46,912 [INFO] com.travel.OnlineTravelSprint1Application [restartedMain] Started OnlineTravelSprint1Application in 5.289 seconds (JVM running for 6.266)
2022-12-02 10:25:52,673 [INFO] org.apache.catalina.core.ContainerBase.[Tomcat].[localhost].[/] [http-nio-8023-exec-1] Initializing Spring DispatcherServlet 'dispatcherServlet'
2022-12-02 10:25:52,675 [INFO] org.springframework.web.servlet.DispatcherServlet [http-nio-8023-exec-1] Initializing Servlet 'dispatcherServlet'
2022-12-02 10:25:52,678 [INFO] org.springframework.web.servlet.DispatcherServlet [http-nio-8023-exec-1] Completed initialization in 2 ms
